Content-Type: multipart/alternative;
 boundary="===============0391606440263502113=="
MIME-Version: 1.0
Subject: 
 =?utf-8?b?0J/QvtC00YLQstC10YDQttC00LXQvdC40LUg0YDQtdCz0LjRgdGC0YDQsNGG0Lg=?=
 =?utf-8?b?0Lgg0L3QsCBBdXRvIEF1Y3Rpb24=?=
From: carauction228@gmail.com
To: s6385131@gmail.com
Date: Sat, 29 Mar 2025 11:47:50 -0000
Message-ID: <174324887074.3892.12559311313308553078@122906be232b>

--===============0391606440263502113==
Content-Type: text/plain; charset="utf-8"
MIME-Version: 1.0
Content-Transfer-Encoding: 8bit




    
    
    Добро пожаловать на Auto Auction
    
        body {
            font-family: Arial, sans-serif;
            line-height: 1.6;
            color: #333333;
            max-width: 600px;
            margin: 0 auto;
            padding: 20px;
        }
        .header {
            text-align: center;
            margin-bottom: 20px;
            padding-bottom: 10px;
            border-bottom: 1px solid #ddd;
        }
        .logo {
            font-size: 24px;
            font-weight: bold;
            color: #0056b3;
        }
        .content {
            padding: 20px;
            background-color: #f9f9f9;
            border-radius: 5px;
        }
        .footer {
            margin-top: 20px;
            text-align: center;
            font-size: 12px;
            color: #666;
            padding-top: 10px;
            border-top: 1px solid #ddd;
        }
        .button {
            display: inline-block;
            background-color: #0056b3;
            color: white;
            padding: 10px 20px;
            text-decoration: none;
            border-radius: 5px;
            margin: 15px 0;
        }
        .verification-code {
            font-size: 24px;
            font-weight: bold;
            background-color: #eee;
            padding: 10px;
            text-align: center;
            margin: 15px 0;
            letter-spacing: 5px;
            border-radius: 5px;
        }
        .highlight {
            color: #0056b3;
            font-weight: bold;
        }
    


    
        Auto Auction
    
    
    
        
Здравствуйте, stmin!

Спасибо за регистрацию на сайте Auto Auction! Мы рады приветствовать вас в нашем сообществе автомобильных энтузиастов.

Для активации вашего аккаунта, пожалуйста, подтвердите ваш email, используя следующий код:

630303

Код действителен в течение 10 минут.

После активации вы сможете:

    Участвовать в аукционах
    Размещать собственные лоты
    Общаться с другими участниками
    Получать уведомления о новых аукционах



    С уважением,
    Команда Auto Auction


    
    
    
        © 2025 Auto Auction. Все права защищены.
        Это автоматическое сообщение, пожалуйста, не отвечайте на него.
    


--===============0391606440263502113==
Content-Type: text/html; charset="utf-8"
MIME-Version: 1.0
Content-Transfer-Encoding: 8bit

<!DOCTYPE html>
<html lang="ru">
<head>
    <meta charset="UTF-8">
    <meta name="viewport" content="width=device-width, initial-scale=1.0">
    <title>Добро пожаловать на Auto Auction</title>
    <style>
        body {
            font-family: Arial, sans-serif;
            line-height: 1.6;
            color: #333333;
            max-width: 600px;
            margin: 0 auto;
            padding: 20px;
        }
        .header {
            text-align: center;
            margin-bottom: 20px;
            padding-bottom: 10px;
            border-bottom: 1px solid #ddd;
        }
        .logo {
            font-size: 24px;
            font-weight: bold;
            color: #0056b3;
        }
        .content {
            padding: 20px;
            background-color: #f9f9f9;
            border-radius: 5px;
        }
        .footer {
            margin-top: 20px;
            text-align: center;
            font-size: 12px;
            color: #666;
            padding-top: 10px;
            border-top: 1px solid #ddd;
        }
        .button {
            display: inline-block;
            background-color: #0056b3;
            color: white;
            padding: 10px 20px;
            text-decoration: none;
            border-radius: 5px;
            margin: 15px 0;
        }
        .verification-code {
            font-size: 24px;
            font-weight: bold;
            background-color: #eee;
            padding: 10px;
            text-align: center;
            margin: 15px 0;
            letter-spacing: 5px;
            border-radius: 5px;
        }
        .highlight {
            color: #0056b3;
            font-weight: bold;
        }
    </style>
</head>
<body>
    <div class="header">
        <div class="logo">Auto Auction</div>
    </div>
    
    <div class="content">
        
<h2>Здравствуйте, stmin!</h2>

<p>Спасибо за регистрацию на сайте Auto Auction! Мы рады приветствовать вас в нашем сообществе автомобильных энтузиастов.</p>

<p>Для активации вашего аккаунта, пожалуйста, подтвердите ваш email, используя следующий код:</p>

<div class="verification-code">630303</div>

<p>Код действителен в течение <span class="highlight">10 минут</span>.</p>

<p>После активации вы сможете:</p>
<ul>
    <li>Участвовать в аукционах</li>
    <li>Размещать собственные лоты</li>
    <li>Общаться с другими участниками</li>
    <li>Получать уведомления о новых аукционах</li>
</ul>

<p>
    С уважением,<br>
    Команда Auto Auction
</p>

    </div>
    
    <div class="footer">
        <p>© 2025 Auto Auction. Все права защищены.</p>
        <p>Это автоматическое сообщение, пожалуйста, не отвечайте на него.</p>
    </div>
</body>
</html>
--===============0391606440263502113==--

-------------------------------------------------------------------------------
